# JRE version: OpenJDK Runtime Environment (8.0_111-b14) (build 1.8.0_111-8u111-b14-2ubuntu0.16.10.2-b14)
# Java VM: OpenJDK 64-Bit Server VM (25.111-b14 mixed mode linux-amd64 compressed oops)
Heap:
 PSYoungGen      total 268288K, used 0K [0x000000076d000000, 0x000000077e000000, 0x00000007c0000000)
  eden space 258048K, 0% used [0x000000076d000000,0x000000076d000000,0x000000077cc00000)
  from space 10240K, 0% used [0x000000077d600000,0x000000077d600000,0x000000077e000000)
  to   space 10240K, 0% used [0x000000077cc00000,0x000000077cc00000,0x000000077d600000)
 ParOldGen       total 187392K, used 117632K [0x00000006c7000000, 0x00000006d2700000, 0x000000076d000000)
  object space 187392K, 62% used [0x00000006c7000000,0x00000006ce2e03e0,0x00000006d2700000)
 Metaspace       used 14598K, capacity 14828K, committed 15232K, reserved 1062912K
  class space    used 1768K, capacity 1837K, committed 1920K, reserved 1048576K
GC Heap History (9 events):
Event: 3.202 GC heap before
{Heap before GC invocations=1 (full 0):
 PSYoungGen      total 74752K, used 64512K [0x000000076d000000, 0x0000000772300000, 0x00000007c0000000)
  eden space 64512K, 100% used [0x000000076d000000,0x0000000770f00000,0x0000000770f00000)
  from space 10240K, 0% used [0x0000000771900000,0x0000000771900000,0x0000000772300000)
  to   space 10240K, 0% used [0x0000000770f00000,0x0000000770f00000,0x0000000771900000)
 ParOldGen       total 171008K, used 0K [0x00000006c7000000, 0x00000006d1700000, 0x000000076d000000)
  object space 171008K, 0% used [0x00000006c7000000,0x00000006c7000000,0x00000006d1700000)
 Metaspace       used 11812K, capacity 11984K, committed 12160K, reserved 1060864K
  class space    used 1500K, capacity 1574K, committed 1664K, reserved 1048576K
Event: 3.728 GC heap after
Heap after GC invocations=1 (full 0):
 PSYoungGen      total 74752K, used 2206K [0x000000076d000000, 0x0000000776200000, 0x00000007c0000000)
  eden space 64512K, 0% used [0x000000076d000000,0x000000076d000000,0x0000000770f00000)
  from space 10240K, 21% used [0x0000000770f00000,0x0000000771127b60,0x0000000771900000)
  to   space 10240K, 0% used [0x0000000775800000,0x0000000775800000,0x0000000776200000)
 ParOldGen       total 171008K, used 46891K [0x00000006c7000000, 0x00000006d1700000, 0x000000076d000000)
  object space 171008K, 27% used [0x00000006c7000000,0x00000006c9dcac30,0x00000006d1700000)
 Metaspace       used 11812K, capacity 11984K, committed 12160K, reserved 1060864K
  class space    used 1500K, capacity 1574K, committed 1664K, reserved 1048576K
}
Event: 3.847 GC heap before
{Heap before GC invocations=2 (full 0):
 PSYoungGen      total 74752K, used 66718K [0x000000076d000000, 0x0000000776200000, 0x00000007c0000000)
  eden space 64512K, 100% used [0x000000076d000000,0x0000000770f00000,0x0000000770f00000)
  from space 10240K, 21% used [0x0000000770f00000,0x0000000771127b60,0x0000000771900000)
  to   space 10240K, 0% used [0x0000000775800000,0x0000000775800000,0x0000000776200000)
 ParOldGen       total 171008K, used 46891K [0x00000006c7000000, 0x00000006d1700000, 0x000000076d000000)
  object space 171008K, 27% used [0x00000006c7000000,0x00000006c9dcac30,0x00000006d1700000)
 Metaspace       used 11826K, capacity 11984K, committed 12160K, reserved 1060864K
  class space    used 1500K, capacity 1574K, committed 1664K, reserved 1048576K
Event: 3.849 GC heap after
Heap after GC invocations=2 (full 0):
 PSYoungGen      total 139264K, used 2862K [0x000000076d000000, 0x0000000776200000, 0x00000007c0000000)
  eden space 129024K, 0% used [0x000000076d000000,0x000000076d000000,0x0000000774e00000)
  from space 10240K, 27% used [0x0000000775800000,0x0000000775acbb00,0x0000000776200000)
  to   space 10240K, 0% used [0x0000000774e00000,0x0000000774e00000,0x0000000775800000)
 ParOldGen       total 171008K, used 46899K [0x00000006c7000000, 0x00000006d1700000, 0x000000076d000000)
  object space 171008K, 27% used [0x00000006c7000000,0x00000006c9dccc30,0x00000006d1700000)
 Metaspace       used 11826K, capacity 11984K, committed 12160K, reserved 1060864K
  class space    used 1500K, capacity 1574K, committed 1664K, reserved 1048576K
}
Event: 14.652 GC heap before
{Heap before GC invocations=3 (full 0):
 PSYoungGen      total 139264K, used 124194K [0x000000076d000000, 0x0000000776200000, 0x00000007c0000000)
  eden space 129024K, 94% used [0x000000076d000000,0x000000077467cd70,0x0000000774e00000)
  from space 10240K, 27% used [0x0000000775800000,0x0000000775acbb00,0x0000000776200000)
  to   space 10240K, 0% used [0x0000000774e00000,0x0000000774e00000,0x0000000775800000)
 ParOldGen       total 171008K, used 46899K [0x00000006c7000000, 0x00000006d1700000, 0x000000076d000000)
  object space 171008K, 27% used [0x00000006c7000000,0x00000006c9dccc30,0x00000006d1700000)
 Metaspace       used 14585K, capacity 14828K, committed 15232K, reserved 1062912K
  class space    used 1767K, capacity 1837K, committed 1920K, reserved 1048576K
Event: 14.658 GC heap after
Heap after GC invocations=3 (full 0):
 PSYoungGen      total 139264K, used 3712K [0x000000076d000000, 0x000000077e000000, 0x00000007c0000000)
  eden space 129024K, 0% used [0x000000076d000000,0x000000076d000000,0x0000000774e00000)
  from space 10240K, 36% used [0x0000000774e00000,0x00000007751a0320,0x0000000775800000)
  to   space 10240K, 0% used [0x000000077d600000,0x000000077d600000,0x000000077e000000)
 ParOldGen       total 171008K, used 46915K [0x00000006c7000000, 0x00000006d1700000, 0x000000076d000000)
  object space 171008K, 27% used [0x00000006c7000000,0x00000006c9dd0c30,0x00000006d1700000)
 Metaspace       used 14585K, capacity 14828K, committed 15232K, reserved 1062912K
  class space    used 1767K, capacity 1837K, committed 1920K, reserved 1048576K
}
Event: 14.802 GC heap before
{Heap before GC invocations=4 (full 0):
 PSYoungGen      total 139264K, used 132736K [0x000000076d000000, 0x000000077e000000, 0x00000007c0000000)
  eden space 129024K, 100% used [0x000000076d000000,0x0000000774e00000,0x0000000774e00000)
  from space 10240K, 36% used [0x0000000774e00000,0x00000007751a0320,0x0000000775800000)
  to   space 10240K, 0% used [0x000000077d600000,0x000000077d600000,0x000000077e000000)
 ParOldGen       total 171008K, used 46915K [0x00000006c7000000, 0x00000006d1700000, 0x000000076d000000)
  object space 171008K, 27% used [0x00000006c7000000,0x00000006c9dd0c30,0x00000006d1700000)
 Metaspace       used 14598K, capacity 14828K, committed 15232K, reserved 1062912K
  class space    used 1768K, capacity 1837K, committed 1920K, reserved 1048576K
Event: 14.850 GC heap after
Heap after GC invocations=4 (full 0):
 PSYoungGen      total 268288K, used 10209K [0x000000076d000000, 0x000000077e000000, 0x00000007c0000000)
  eden space 258048K, 0% used [0x000000076d000000,0x000000076d000000,0x000000077cc00000)
  from space 10240K, 99% used [0x000000077d600000,0x000000077dff8680,0x000000077e000000)
  to   space 10240K, 0% used [0x000000077cc00000,0x000000077cc00000,0x000000077d600000)
 ParOldGen       total 187392K, used 186391K [0x00000006c7000000, 0x00000006d2700000, 0x000000076d000000)
  object space 187392K, 99% used [0x00000006c7000000,0x00000006d2605f40,0x00000006d2700000)
 Metaspace       used 14598K, capacity 14828K, committed 15232K, reserved 1062912K
  class space    used 1768K, capacity 1837K, committed 1920K, reserved 1048576K
}
Event: 14.871 GC heap before
{Heap before GC invocations=5 (full 1):
 PSYoungGen      total 268288K, used 10209K [0x000000076d000000, 0x000000077e000000, 0x00000007c0000000)
  eden space 258048K, 0% used [0x000000076d000000,0x000000076d000000,0x000000077cc00000)
  from space 10240K, 99% used [0x000000077d600000,0x000000077dff8680,0x000000077e000000)
  to   space 10240K, 0% used [0x000000077cc00000,0x000000077cc00000,0x000000077d600000)
 ParOldGen       total 187392K, used 186391K [0x00000006c7000000, 0x00000006d2700000, 0x000000076d000000)
  object space 187392K, 99% used [0x00000006c7000000,0x00000006d2605f40,0x00000006d2700000)
 Metaspace       used 14598K, capacity 14828K, committed 15232K, reserved 1062912K
  class space    used 1768K, capacity 1837K, committed 1920K, reserved 1048576K

