# JRE version: OpenJDK Runtime Environment (8.0_111-b14) (build 1.8.0_111-8u111-b14-2ubuntu0.16.10.2-b14)
# Java VM: OpenJDK 64-Bit Server VM (25.111-b14 mixed mode linux-amd64 compressed oops)
Heap:
 PSYoungGen      total 139264K, used 10225K [0x000000076d000000, 0x0000000776200000, 0x00000007c0000000)
  eden space 129024K, 0% used [0x000000076d000000,0x000000076d000000,0x0000000774e00000)
  from space 10240K, 99% used [0x0000000774e00000,0x00000007757fc690,0x0000000775800000)
  to   space 10240K, 0% used [0x0000000775800000,0x0000000775800000,0x0000000776200000)
 ParOldGen       total 171008K, used 164900K [0x00000006c7000000, 0x00000006d1700000, 0x000000076d000000)
  object space 171008K, 96% used [0x00000006c7000000,0x00000006d1109390,0x00000006d1700000)
 Metaspace       used 14657K, capacity 14886K, committed 15232K, reserved 1062912K
  class space    used 1765K, capacity 1836K, committed 1920K, reserved 1048576K
GC Heap History (9 events):
Event: 2.320 GC heap before
{Heap before GC invocations=1 (full 0):
 PSYoungGen      total 74752K, used 64512K [0x000000076d000000, 0x0000000772300000, 0x00000007c0000000)
  eden space 64512K, 100% used [0x000000076d000000,0x0000000770f00000,0x0000000770f00000)
  from space 10240K, 0% used [0x0000000771900000,0x0000000771900000,0x0000000772300000)
  to   space 10240K, 0% used [0x0000000770f00000,0x0000000770f00000,0x0000000771900000)
 ParOldGen       total 171008K, used 0K [0x00000006c7000000, 0x00000006d1700000, 0x000000076d000000)
  object space 171008K, 0% used [0x00000006c7000000,0x00000006c7000000,0x00000006d1700000)
 Metaspace       used 11815K, capacity 11984K, committed 12160K, reserved 1060864K
  class space    used 1500K, capacity 1574K, committed 1664K, reserved 1048576K
Event: 2.342 GC heap after
Heap after GC invocations=1 (full 0):
 PSYoungGen      total 74752K, used 2479K [0x000000076d000000, 0x0000000772300000, 0x00000007c0000000)
  eden space 64512K, 0% used [0x000000076d000000,0x000000076d000000,0x0000000770f00000)
  from space 10240K, 24% used [0x0000000770f00000,0x000000077116bcb0,0x0000000771900000)
  to   space 10240K, 0% used [0x0000000771900000,0x0000000771900000,0x0000000772300000)
 ParOldGen       total 171008K, used 46891K [0x00000006c7000000, 0x00000006d1700000, 0x000000076d000000)
  object space 171008K, 27% used [0x00000006c7000000,0x00000006c9dcac30,0x00000006d1700000)
 Metaspace       used 11815K, capacity 11984K, committed 12160K, reserved 1060864K
  class space    used 1500K, capacity 1574K, committed 1664K, reserved 1048576K
}
Event: 2.478 GC heap before
{Heap before GC invocations=2 (full 0):
 PSYoungGen      total 74752K, used 66991K [0x000000076d000000, 0x0000000772300000, 0x00000007c0000000)
  eden space 64512K, 100% used [0x000000076d000000,0x0000000770f00000,0x0000000770f00000)
  from space 10240K, 24% used [0x0000000770f00000,0x000000077116bcb0,0x0000000771900000)
  to   space 10240K, 0% used [0x0000000771900000,0x0000000771900000,0x0000000772300000)
 ParOldGen       total 171008K, used 46891K [0x00000006c7000000, 0x00000006d1700000, 0x000000076d000000)
  object space 171008K, 27% used [0x00000006c7000000,0x00000006c9dcac30,0x00000006d1700000)
 Metaspace       used 11830K, capacity 11984K, committed 12160K, reserved 1060864K
  class space    used 1500K, capacity 1574K, committed 1664K, reserved 1048576K
Event: 2.484 GC heap after
Heap after GC invocations=2 (full 0):
 PSYoungGen      total 74752K, used 2878K [0x000000076d000000, 0x0000000776200000, 0x00000007c0000000)
  eden space 64512K, 0% used [0x000000076d000000,0x000000076d000000,0x0000000770f00000)
  from space 10240K, 28% used [0x0000000771900000,0x0000000771bcf820,0x0000000772300000)
  to   space 10240K, 0% used [0x0000000770f00000,0x0000000770f00000,0x0000000771900000)
 ParOldGen       total 171008K, used 46899K [0x00000006c7000000, 0x00000006d1700000, 0x000000076d000000)
  object space 171008K, 27% used [0x00000006c7000000,0x00000006c9dccc30,0x00000006d1700000)
 Metaspace       used 11830K, capacity 11984K, committed 12160K, reserved 1060864K
  class space    used 1500K, capacity 1574K, committed 1664K, reserved 1048576K
}
Event: 3.083 GC heap before
{Heap before GC invocations=3 (full 0):
 PSYoungGen      total 74752K, used 67390K [0x000000076d000000, 0x0000000776200000, 0x00000007c0000000)
  eden space 64512K, 100% used [0x000000076d000000,0x0000000770f00000,0x0000000770f00000)
  from space 10240K, 28% used [0x0000000771900000,0x0000000771bcf820,0x0000000772300000)
  to   space 10240K, 0% used [0x0000000770f00000,0x0000000770f00000,0x0000000771900000)
 ParOldGen       total 171008K, used 46899K [0x00000006c7000000, 0x00000006d1700000, 0x000000076d000000)
  object space 171008K, 27% used [0x00000006c7000000,0x00000006c9dccc30,0x00000006d1700000)
 Metaspace       used 13185K, capacity 13398K, committed 13824K, reserved 1060864K
  class space    used 1632K, capacity 1705K, committed 1792K, reserved 1048576K
Event: 3.087 GC heap after
Heap after GC invocations=3 (full 0):
 PSYoungGen      total 74752K, used 2274K [0x000000076d000000, 0x0000000776200000, 0x00000007c0000000)
  eden space 64512K, 0% used [0x000000076d000000,0x000000076d000000,0x0000000770f00000)
  from space 10240K, 22% used [0x0000000770f00000,0x0000000771138bc0,0x0000000771900000)
  to   space 10240K, 0% used [0x0000000775800000,0x0000000775800000,0x0000000776200000)
 ParOldGen       total 171008K, used 46907K [0x00000006c7000000, 0x00000006d1700000, 0x000000076d000000)
  object space 171008K, 27% used [0x00000006c7000000,0x00000006c9dcec30,0x00000006d1700000)
 Metaspace       used 13185K, capacity 13398K, committed 13824K, reserved 1060864K
  class space    used 1632K, capacity 1705K, committed 1792K, reserved 1048576K
}
Event: 10.872 GC heap before
{Heap before GC invocations=4 (full 0):
 PSYoungGen      total 74752K, used 55049K [0x000000076d000000, 0x0000000776200000, 0x00000007c0000000)
  eden space 64512K, 81% used [0x000000076d000000,0x0000000770389ac8,0x0000000770f00000)
  from space 10240K, 22% used [0x0000000770f00000,0x0000000771138bc0,0x0000000771900000)
  to   space 10240K, 0% used [0x0000000775800000,0x0000000775800000,0x0000000776200000)
 ParOldGen       total 171008K, used 46907K [0x00000006c7000000, 0x00000006d1700000, 0x000000076d000000)
  object space 171008K, 27% used [0x00000006c7000000,0x00000006c9dcec30,0x00000006d1700000)
 Metaspace       used 14643K, capacity 14886K, committed 15232K, reserved 1062912K
  class space    used 1765K, capacity 1836K, committed 1920K, reserved 1048576K
Event: 10.876 GC heap after
Heap after GC invocations=4 (full 0):
 PSYoungGen      total 139264K, used 3043K [0x000000076d000000, 0x0000000776200000, 0x00000007c0000000)
  eden space 129024K, 0% used [0x000000076d000000,0x000000076d000000,0x0000000774e00000)
  from space 10240K, 29% used [0x0000000775800000,0x0000000775af8eb0,0x0000000776200000)
  to   space 10240K, 0% used [0x0000000774e00000,0x0000000774e00000,0x0000000775800000)
 ParOldGen       total 171008K, used 46915K [0x00000006c7000000, 0x00000006d1700000, 0x000000076d000000)
  object space 171008K, 27% used [0x00000006c7000000,0x00000006c9dd0c30,0x00000006d1700000)
 Metaspace       used 14643K, capacity 14886K, committed 15232K, reserved 1062912K
  class space    used 1765K, capacity 1836K, committed 1920K, reserved 1048576K
}
Event: 11.096 GC heap before
{Heap before GC invocations=5 (full 0):
 PSYoungGen      total 139264K, used 132067K [0x000000076d000000, 0x0000000776200000, 0x00000007c0000000)
  eden space 129024K, 100% used [0x000000076d000000,0x0000000774e00000,0x0000000774e00000)
  from space 10240K, 29% used [0x0000000775800000,0x0000000775af8eb0,0x0000000776200000)
  to   space 10240K, 0% used [0x0000000774e00000,0x0000000774e00000,0x0000000775800000)
 ParOldGen       total 171008K, used 46915K [0x00000006c7000000, 0x00000006d1700000, 0x000000076d000000)
  object space 171008K, 27% used [0x00000006c7000000,0x00000006c9dd0c30,0x00000006d1700000)
 Metaspace       used 14657K, capacity 14886K, committed 15232K, reserved 1062912K
  class space    used 1765K, capacity 1836K, committed 1920K, reserved 1048576K

